<object-stream>
  <list>
    <org.drools.audit.event.ActivationLogEvent>
      <activationId>A to A [1]</activationId>
      <rule>A to A</rule>
      <declarations>a=A[NOTRUN](1)</declarations>
      <type>4</type>
    </org.drools.audit.event.ActivationLogEvent>
    <org.drools.audit.event.ObjectLogEvent>
      <factId>1</factId>
      <objectToString>A[NOTRUN]</objectToString>
      <type>1</type>
    </org.drools.audit.event.ObjectLogEvent>
    <org.drools.audit.event.ObjectLogEvent>
      <factId>2</factId>
      <objectToString>B[NOTRUN]</objectToString>
      <type>1</type>
    </org.drools.audit.event.ObjectLogEvent>
    <org.drools.audit.event.ObjectLogEvent>
      <factId>3</factId>
      <objectToString>C[NOTRUN]</objectToString>
      <type>1</type>
    </org.drools.audit.event.ObjectLogEvent>
    <org.drools.audit.event.ObjectLogEvent>
      <factId>4</factId>
      <objectToString>D[NOTRUN]</objectToString>
      <type>1</type>
    </org.drools.audit.event.ObjectLogEvent>
    <org.drools.audit.event.ActivationLogEvent>
      <activationId>A to A [1]</activationId>
      <rule>A to A</rule>
      <declarations>a=A[NOTRUN](1)</declarations>
      <type>6</type>
    </org.drools.audit.event.ActivationLogEvent>
    <org.drools.audit.event.ActivationLogEvent>
      <activationId>A to B [1, 2]</activationId>
      <rule>A to B</rule>
      <declarations>b=B[NOTRUN](2)</declarations>
      <type>4</type>
    </org.drools.audit.event.ActivationLogEvent>
    <org.drools.audit.event.ActivationLogEvent>
      <activationId>B to C [1, 3]</activationId>
      <rule>B to C</rule>
      <declarations>c=C[NOTRUN](3)</declarations>
      <type>4</type>
    </org.drools.audit.event.ActivationLogEvent>
    <org.drools.audit.event.ObjectLogEvent>
      <factId>1</factId>
      <objectToString>A[FINISHED]</objectToString>
      <type>2</type>
    </org.drools.audit.event.ObjectLogEvent>
    <org.drools.audit.event.ActivationLogEvent>
      <activationId>A to A [1]</activationId>
      <rule>A to A</rule>
      <declarations>a=A[FINISHED](1)</declarations>
      <type>7</type>
    </org.drools.audit.event.ActivationLogEvent>
    <org.drools.audit.event.ActivationLogEvent>
      <activationId>A to B [1, 2]</activationId>
      <rule>A to B</rule>
      <declarations>b=B[NOTRUN](2)</declarations>
      <type>6</type>
    </org.drools.audit.event.ActivationLogEvent>
    <org.drools.audit.event.ObjectLogEvent>
      <factId>2</factId>
      <objectToString>B[FINISHED]</objectToString>
      <type>2</type>
    </org.drools.audit.event.ObjectLogEvent>
    <org.drools.audit.event.ActivationLogEvent>
      <activationId>A to B [1, 2]</activationId>
      <rule>A to B</rule>
      <declarations>b=B[FINISHED](2)</declarations>
      <type>7</type>
    </org.drools.audat.event.ActivationLogEvent>
  </list>
</object-stream>